<?xml version="1.0" encoding="UTF-8"?>
<testsuite name="com.example.ratelimiter.RateLimiterApplicationTests" tests="1" skipped="0" failures="0" errors="0" timestamp="2023-02-03T22:53:19" hostname="PER-0021.lan" time="0.141">
  <properties/>
  <testcase name="contextLoads()" classname="com.example.ratelimiter.RateLimiterApplicationTests" time="0.141"/>
  <system-out><![CDATA[16:53:18.645 [Test worker] DEBUG org.springframework.boot.test.context.SpringBootTestContextBootstrapper - Neither @ContextConfiguration nor @ContextHierarchy found for test class [RateLimiterApplicationTests]: using SpringBootContextLoader
16:53:18.647 [Test worker] DEBUG org.springframework.test.context.support.AbstractContextLoader - Could not detect default resource locations for test class [com.example.ratelimiter.RateLimiterApplicationTests]: no resource found for suffixes {-context.xml, Context.groovy}.
16:53:18.648 [Test worker] INFO org.springframework.test.context.support.AnnotationConfigContextLoaderUtils - Could not detect default configuration classes for test class [com.example.ratelimiter.RateLimiterApplicationTests]: RateLimiterApplicationTests does not declare any static, non-private, non-final, nested classes annotated with @Configuration.
16:53:18.655 [Test worker] DEBUG org.springframework.boot.test.context.SpringBootTestContextBootstrapper - Using ContextCustomizers for test class [RateLimiterApplicationTests]: [DisableObservabilityContextCustomizer, PropertyMappingContextCustomizer, Customizer, ExcludeFilterContextCustomizer, DuplicateJsonObjectContextCustomizer, MockitoContextCustomizer, TestRestTemplateContextCustomizer]
16:53:18.677 [Test worker] DEBUG org.springframework.context.annotation.ClassPathScanningCandidateComponentProvider - Identified candidate component class: file [/Users/gustavosilveiramarques/Pessoal/workspace/rate-limiter/build/classes/java/main/com/example/ratelimiter/RateLimiterApplication.class]
16:53:18.677 [Test worker] INFO org.springframework.boot.test.context.SpringBootTestContextBootstrapper - Found @SpringBootConfiguration com.example.ratelimiter.RateLimiterApplication for test class com.example.ratelimiter.RateLimiterApplicationTests
16:53:18.706 [Test worker] DEBUG org.springframework.boot.test.context.SpringBootTestContextBootstrapper - Using TestExecutionListeners for test class [RateLimiterApplicationTests]: [ServletTestExecutionListener, DirtiesContextBeforeModesTestExecutionListener, ApplicationEventsTestExecutionListener, MockitoTestExecutionListener, DependencyInjectionTestExecutionListener, DirtiesContextTestExecutionListener, TransactionalTestExecutionListener, SqlScriptsTestExecutionListener, EventPublishingTestExecutionListener, RestDocsTestExecutionListener, MockRestServiceServerResetTestExecutionListener, MockMvcPrintOnlyOnFailureTestExecutionListener, WebDriverTestExecutionListener, MockWebServiceServerTestExecutionListener, ResetMocksTestExecutionListener]
16:53:18.706 [Test worker] DEBUG org.springframework.test.context.support.AbstractDirtiesContextTestExecutionListener - Before test class: class [RateLimiterApplicationTests], class annotated with @DirtiesContext [false] with mode [null]

  .   ____          _            __ _ _
 /\\ / ___'_ __ _ _(_)_ __  __ _ \ \ \ \
( ( )\___ | '_ | '_| | '_ \/ _` | \ \ \ \
 \\/  ___)| |_)| | | | | || (_| |  ) ) ) )
  '  |____| .__|_| |_|_| |_\__, | / / / /
 =========|_|==============|___/=/_/_/_/
 :: Spring Boot ::                (v3.0.0)

2023-02-03T16:53:18.805-06:00  INFO 30106 --- [    Test worker] c.e.r.RateLimiterApplicationTests        : Starting RateLimiterApplicationTests using Java 17.0.6 with PID 30106 (started by gustavosilveiramarques in /Users/gustavosilveiramarques/Pessoal/workspace/rate-limiter)
2023-02-03T16:53:18.806-06:00  INFO 30106 --- [    Test worker] c.e.r.RateLimiterApplicationTests        : No active profile set, falling back to 1 default profile: "default"
2023-02-03T16:53:18.988-06:00  INFO 30106 --- [    Test worker] .s.d.r.c.RepositoryConfigurationDelegate : Multiple Spring Data modules found, entering strict repository configuration mode
2023-02-03T16:53:18.989-06:00  INFO 30106 --- [    Test worker] .s.d.r.c.RepositoryConfigurationDelegate : Bootstrapping Spring Data Redis repositories in DEFAULT mode.
2023-02-03T16:53:19.004-06:00  INFO 30106 --- [    Test worker] .s.d.r.c.RepositoryConfigurationDelegate : Finished Spring Data repository scanning in 4 ms. Found 0 Redis repository interfaces.
2023-02-03T16:53:19.351-06:00  INFO 30106 --- [    Test worker] c.e.r.RateLimiterApplicationTests        : Started RateLimiterApplicationTests in 0.633 seconds (process running for 0.982)
]]></system-out>
  <system-err><![CDATA[]]></system-err>
</testsuite>
